# JRE version: OpenJDK Runtime Environment Temurin-17.0.7+7 (17.0.7+7) (build 17.0.7+7)
# Java VM: OpenJDK 64-Bit Server VM Temurin-17.0.7+7 (17.0.7+7, mixed mode, sharing, tiered, compressed oops, compressed class ptrs, g1 gc, windows-amd64)
GC Precious Log:
 CPUs: 8 total, 8 available
 Memory: 16103M
 Large Page Support: Disabled
 NUMA Support: Disabled
 Compressed Oops: Enabled (Zero based)
 Heap Region Size: 2M
 Heap Min Capacity: 512M
 Heap Initial Capacity: 512M
 Heap Max Capacity: 4072M
 Pre-touch: Disabled
 Parallel Workers: 8
 Concurrent Workers: 2
 Concurrent Refinement Workers: 8
 Periodic GC: Disabled
 String Deduplication is enabled
Heap:
 garbage-first heap   total 524288K, used 159896K [0x0000000701800000, 0x0000000800000000)
  region size 2048K, 29 young (59392K), 3 survivors (6144K)
 Metaspace       used 94448K, committed 95232K, reserved 1179648K
  class space    used 12815K, committed 13248K, reserved 1048576K
GC Heap History (20 events):
Event: 1156.719 GC heap before
{Heap before GC invocations=171 (full 95):
 garbage-first heap   total 524288K, used 108733K [0x0000000701800000, 0x0000000800000000)
  region size 2048K, 4 young (8192K), 0 survivors (0K)
 Metaspace       used 90609K, committed 91392K, reserved 1179648K
  class space    used 12140K, committed 12544K, reserved 1048576K
}
Event: 1156.774 GC heap after
{Heap after GC invocations=172 (full 96):
 garbage-first heap   total 524288K, used 102556K [0x0000000701800000, 0x0000000800000000)
  region size 2048K, 0 young (0K), 0 survivors (0K)
 Metaspace       used 90609K, committed 91392K, reserved 1179648K
  class space    used 12140K, committed 12544K, reserved 1048576K
}
Event: 1160.663 GC heap before
{Heap before GC invocations=172 (full 96):
 garbage-first heap   total 524288K, used 108700K [0x0000000701800000, 0x0000000800000000)
  region size 2048K, 4 young (8192K), 0 survivors (0K)
 Metaspace       used 90631K, committed 91456K, reserved 1179648K
  class space    used 12140K, committed 12544K, reserved 1048576K
}
Event: 1160.722 GC heap after
{Heap after GC invocations=173 (full 97):
 garbage-first heap   total 524288K, used 102556K [0x0000000701800000, 0x0000000800000000)
  region size 2048K, 0 young (0K), 0 survivors (0K)
 Metaspace       used 90631K, committed 91456K, reserved 1179648K
  class space    used 12140K, committed 12544K, reserved 1048576K
}
Event: 1164.161 GC heap before
{Heap before GC invocations=173 (full 97):
 garbage-first heap   total 524288K, used 108700K [0x0000000701800000, 0x0000000800000000)
  region size 2048K, 3 young (6144K), 0 survivors (0K)
 Metaspace       used 90636K, committed 91456K, reserved 1179648K
  class space    used 12140K, committed 12544K, reserved 1048576K
}
Event: 1164.220 GC heap after
{Heap after GC invocations=174 (full 98):
 garbage-first heap   total 524288K, used 102564K [0x0000000701800000, 0x0000000800000000)
  region size 2048K, 0 young (0K), 0 survivors (0K)
 Metaspace       used 90636K, committed 91456K, reserved 1179648K
  class space    used 12140K, committed 12544K, reserved 1048576K
}
Event: 1166.396 GC heap before
{Heap before GC invocations=174 (full 98):
 garbage-first heap   total 524288K, used 112804K [0x0000000701800000, 0x0000000800000000)
  region size 2048K, 4 young (8192K), 0 survivors (0K)
 Metaspace       used 90637K, committed 91456K, reserved 1179648K
  class space    used 12140K, committed 12544K, reserved 1048576K
}
Event: 1166.452 GC heap after
{Heap after GC invocations=175 (full 99):
 garbage-first heap   total 524288K, used 102569K [0x0000000701800000, 0x0000000800000000)
  region size 2048K, 0 young (0K), 0 survivors (0K)
 Metaspace       used 90637K, committed 91456K, reserved 1179648K
  class space    used 12140K, committed 12544K, reserved 1048576K
}
Event: 1171.680 GC heap before
{Heap before GC invocations=175 (full 99):
 garbage-first heap   total 524288K, used 147625K [0x0000000701800000, 0x0000000800000000)
  region size 2048K, 22 young (45056K), 0 survivors (0K)
 Metaspace       used 90647K, committed 91456K, reserved 1179648K
  class space    used 12140K, committed 12544K, reserved 1048576K
}
Event: 1171.736 GC heap after
{Heap after GC invocations=176 (full 100):
 garbage-first heap   total 524288K, used 102798K [0x0000000701800000, 0x0000000800000000)
  region size 2048K, 0 young (0K), 0 survivors (0K)
 Metaspace       used 90647K, committed 91456K, reserved 1179648K
  class space    used 12140K, committed 12544K, reserved 1048576K
}
Event: 1249.332 GC heap before
{Heap before GC invocations=176 (full 100):
 garbage-first heap   total 524288K, used 184718K [0x0000000701800000, 0x0000000800000000)
  region size 2048K, 40 young (81920K), 0 survivors (0K)
 Metaspace       used 90648K, committed 91456K, reserved 1179648K
  class space    used 12140K, committed 12544K, reserved 1048576K
}
Event: 1249.335 GC heap after
{Heap after GC invocations=177 (full 100):
 garbage-first heap   total 524288K, used 103508K [0x0000000701800000, 0x0000000800000000)
  region size 2048K, 1 young (2048K), 1 survivors (2048K)
 Metaspace       used 90648K, committed 91456K, reserved 1179648K
  class space    used 12140K, committed 12544K, reserved 1048576K
}
Event: 1378.188 GC heap before
{Heap before GC invocations=177 (full 100):
 garbage-first heap   total 524288K, used 183380K [0x0000000701800000, 0x0000000800000000)
  region size 2048K, 40 young (81920K), 1 survivors (2048K)
 Metaspace       used 90665K, committed 91456K, reserved 1179648K
  class space    used 12140K, committed 12544K, reserved 1048576K
}
Event: 1378.192 GC heap after
{Heap after GC invocations=178 (full 100):
 garbage-first heap   total 524288K, used 103794K [0x0000000701800000, 0x0000000800000000)
  region size 2048K, 1 young (2048K), 1 survivors (2048K)
 Metaspace       used 90665K, committed 91456K, reserved 1179648K
  class space    used 12140K, committed 12544K, reserved 1048576K
}
Event: 1396.102 GC heap before
{Heap before GC invocations=178 (full 100):
 garbage-first heap   total 524288K, used 183666K [0x0000000701800000, 0x0000000800000000)
  region size 2048K, 40 young (81920K), 1 survivors (2048K)
 Metaspace       used 90673K, committed 91456K, reserved 1179648K
  class space    used 12140K, committed 12544K, reserved 1048576K
}
Event: 1396.104 GC heap after
{Heap after GC invocations=179 (full 100):
 garbage-first heap   total 524288K, used 103551K [0x0000000701800000, 0x0000000800000000)
  region size 2048K, 1 young (2048K), 1 survivors (2048K)
 Metaspace       used 90673K, committed 91456K, reserved 1179648K
  class space    used 12140K, committed 12544K, reserved 1048576K
}
Event: 1403.878 GC heap before
{Heap before GC invocations=179 (full 100):
 garbage-first heap   total 524288K, used 183423K [0x0000000701800000, 0x0000000800000000)
  region size 2048K, 40 young (81920K), 1 survivors (2048K)
 Metaspace       used 93737K, committed 94528K, reserved 1179648K
  class space    used 12729K, committed 13120K, reserved 1048576K
}
Event: 1403.886 GC heap after
{Heap after GC invocations=180 (full 100):
 garbage-first heap   total 524288K, used 108505K [0x0000000701800000, 0x0000000800000000)
  region size 2048K, 3 young (6144K), 3 survivors (6144K)
 Metaspace       used 93737K, committed 94528K, reserved 1179648K
  class space    used 12729K, committed 13120K, reserved 1048576K
}
Event: 1414.231 GC heap before
{Heap before GC invocations=180 (full 100):
 garbage-first heap   total 524288K, used 184281K [0x0000000701800000, 0x0000000800000000)
  region size 2048K, 40 young (81920K), 3 survivors (6144K)
 Metaspace       used 93981K, committed 94848K, reserved 1179648K
  class space    used 12754K, committed 13184K, reserved 1048576K
}
Event: 1414.237 GC heap after
{Heap after GC invocations=181 (full 100):
 garbage-first heap   total 524288K, used 108696K [0x0000000701800000, 0x0000000800000000)
  region size 2048K, 3 young (6144K), 3 survivors (6144K)
 Metaspace       used 93981K, committed 94848K, reserved 1179648K
  class space    used 12754K, committed 13184K, reserved 1048576K
}

